This is pdfTeX, Version 3.141592653-2.6-1.40.22 (TeX Live 2022/dev/Debian) (preloaded format=pdflatex 2024.3.18)  28 MAR 2025 02:48
entering extended mode
 restricted \write18 enabled.
 %&-line parsing enabled.
**rapport.tex
(./rapport.tex
LaTeX2e <2021-11-15> patch level 1
L3 programming layer <2022-01-21>
(/usr/share/texlive/texmf-dist/tex/latex/base/article.cls
Document Class: article 2021/10/04 v1.4n Standard LaTeX document class
(/usr/share/texlive/texmf-dist/tex/latex/base/size12.clo
File: size12.clo 2021/10/04 v1.4n Standard LaTeX file (size option)
)
\c@part=\count185
\c@section=\count186
\c@subsection=\count187
\c@subsubsection=\count188
\c@paragraph=\count189
\c@subparagraph=\count190
\c@figure=\count191
\c@table=\count192
\abovecaptionskip=\skip47
\belowcaptionskip=\skip48
\bibindent=\dimen138
)
(/usr/share/texlive/texmf-dist/tex/latex/titlesec/titlesec.sty
Package: titlesec 2021/07/05 v2.14 Sectioning titles
\ttl@box=\box50
\beforetitleunit=\skip49
\aftertitleunit=\skip50
\ttl@plus=\dimen139
\ttl@minus=\dimen140
\ttl@toksa=\toks16
\titlewidth=\dimen141
\titlewidthlast=\dimen142
\titlewidthfirst=\dimen143
)
(/usr/share/texlive/texmf-dist/tex/latex/hyperref/hyperref.sty
Package: hyperref 2021-06-07 v7.00m Hypertext links for LaTeX

(/usr/share/texlive/texmf-dist/tex/generic/ltxcmds/ltxcmds.sty
Package: ltxcmds 2020-05-10 v1.25 LaTeX kernel commands for general use (HO)
)
(/usr/share/texlive/texmf-dist/tex/generic/iftex/iftex.sty
Package: iftex 2020/03/06 v1.0d TeX engine tests
)
(/usr/share/texlive/texmf-dist/tex/generic/pdftexcmds/pdftexcmds.sty
Package: pdftexcmds 2020-06-27 v0.33 Utility functions of pdfTeX for LuaTeX (HO
)

(/usr/share/texlive/texmf-dist/tex/generic/infwarerr/infwarerr.sty
Package: infwarerr 2019/12/03 v1.5 Providing info/warning/error messages (HO)
)
Package pdftexcmds Info: \pdf@primitive is available.
Package pdftexcmds Info: \pdf@ifprimitive is available.
Package pdftexcmds Info: \pdfdraftmode found.
)
(/usr/share/texlive/texmf-dist/tex/latex/graphics/keyval.sty
Package: keyval 2014/10/28 v1.15 key=value parser (DPC)
\KV@toks@=\toks17
)
(/usr/share/texlive/texmf-dist/tex/generic/kvsetkeys/kvsetkeys.sty
Package: kvsetkeys 2019/12/15 v1.18 Key value parser (HO)
)
(/usr/share/texlive/texmf-dist/tex/generic/kvdefinekeys/kvdefinekeys.sty
Package: kvdefinekeys 2019-12-19 v1.6 Define keys (HO)
)
(/usr/share/texlive/texmf-dist/tex/generic/pdfescape/pdfescape.sty
Package: pdfescape 2019/12/09 v1.15 Implements pdfTeX's escape features (HO)
)
(/usr/share/texlive/texmf-dist/tex/latex/hycolor/hycolor.sty
Package: hycolor 2020-01-27 v1.10 Color options for hyperref/bookmark (HO)
)
(/usr/share/texlive/texmf-dist/tex/latex/letltxmacro/letltxmacro.sty
Package: letltxmacro 2019/12/03 v1.6 Let assignment for LaTeX macros (HO)
)
(/usr/share/texlive/texmf-dist/tex/latex/auxhook/auxhook.sty
Package: auxhook 2019-12-17 v1.6 Hooks for auxiliary files (HO)
)
(/usr/share/texlive/texmf-dist/tex/latex/kvoptions/kvoptions.sty
Package: kvoptions 2020-10-07 v3.14 Key value format for package options (HO)
)
\@linkdim=\dimen144
\Hy@linkcounter=\count193
\Hy@pagecounter=\count194

(/usr/share/texlive/texmf-dist/tex/latex/hyperref/pd1enc.def
File: pd1enc.def 2021-06-07 v7.00m Hyperref: PDFDocEncoding definition (HO)
Now handling font encoding PD1 ...
... no UTF-8 mapping file for font encoding PD1
)
(/usr/share/texlive/texmf-dist/tex/latex/hyperref/hyperref-langpatches.def
File: hyperref-langpatches.def 2021-06-07 v7.00m Hyperref: patches for babel la
nguages
)
(/usr/share/texlive/texmf-dist/tex/generic/intcalc/intcalc.sty
Package: intcalc 2019/12/15 v1.3 Expandable calculations with integers (HO)
)
(/usr/share/texlive/texmf-dist/tex/generic/etexcmds/etexcmds.sty
Package: etexcmds 2019/12/15 v1.7 Avoid name clashes with e-TeX commands (HO)
)
\Hy@SavedSpaceFactor=\count195

(/usr/share/texlive/texmf-dist/tex/latex/hyperref/puenc.def
File: puenc.def 2021-06-07 v7.00m Hyperref: PDF Unicode definition (HO)
Now handling font encoding PU ...
... no UTF-8 mapping file for font encoding PU
)
Package hyperref Info: Hyper figures OFF on input line 4192.
Package hyperref Info: Link nesting OFF on input line 4197.
Package hyperref Info: Hyper index ON on input line 4200.
Package hyperref Info: Plain pages OFF on input line 4207.
Package hyperref Info: Backreferencing OFF on input line 4212.
Package hyperref Info: Implicit mode ON; LaTeX internals redefined.
Package hyperref Info: Bookmarks ON on input line 4445.
\c@Hy@tempcnt=\count196

(/usr/share/texlive/texmf-dist/tex/latex/url/url.sty
\Urlmuskip=\muskip16
Package: url 2013/09/16  ver 3.4  Verb mode for urls, etc.
)
LaTeX Info: Redefining \url on input line 4804.
\XeTeXLinkMargin=\dimen145

(/usr/share/texlive/texmf-dist/tex/generic/bitset/bitset.sty
Package: bitset 2019/12/09 v1.3 Handle bit-vector datatype (HO)

(/usr/share/texlive/texmf-dist/tex/generic/bigintcalc/bigintcalc.sty
Package: bigintcalc 2019/12/15 v1.5 Expandable calculations on big integers (HO
)
))
\Fld@menulength=\count197
\Field@Width=\dimen146
\Fld@charsize=\dimen147
Package hyperref Info: Hyper figures OFF on input line 6076.
Package hyperref Info: Link nesting OFF on input line 6081.
Package hyperref Info: Hyper index ON on input line 6084.
Package hyperref Info: backreferencing OFF on input line 6091.
Package hyperref Info: Link coloring OFF on input line 6096.
Package hyperref Info: Link coloring with OCG OFF on input line 6101.
Package hyperref Info: PDF/A mode OFF on input line 6106.
LaTeX Info: Redefining \ref on input line 6146.
LaTeX Info: Redefining \pageref on input line 6150.

(/usr/share/texlive/texmf-dist/tex/latex/base/atbegshi-ltx.sty
Package: atbegshi-ltx 2021/01/10 v1.0c Emulation of the original atbegshi
package with kernel methods
)
\Hy@abspage=\count198
\c@Item=\count199
\c@Hfootnote=\count266
)
Package hyperref Info: Driver (autodetected): hpdftex.

(/usr/share/texlive/texmf-dist/tex/latex/hyperref/hpdftex.def
File: hpdftex.def 2021-06-07 v7.00m Hyperref driver for pdfTeX

(/usr/share/texlive/texmf-dist/tex/latex/base/atveryend-ltx.sty
Package: atveryend-ltx 2020/08/19 v1.0a Emulation of the original atveryend pac
kage
with kernel methods
)
\Fld@listcount=\count267
\c@bookmark@seq@number=\count268

(/usr/share/texlive/texmf-dist/tex/latex/rerunfilecheck/rerunfilecheck.sty
Package: rerunfilecheck 2019/12/05 v1.9 Rerun checks for auxiliary files (HO)

(/usr/share/texlive/texmf-dist/tex/generic/uniquecounter/uniquecounter.sty
Package: uniquecounter 2019/12/15 v1.4 Provide unlimited unique counter (HO)
)
Package uniquecounter Info: New unique counter `rerunfilecheck' on input line 2
86.
)
\Hy@SectionHShift=\skip51
)
(/usr/share/texlive/texmf-dist/tex/latex/base/inputenc.sty
Package: inputenc 2021/02/14 v1.3d Input encoding file
\inpenc@prehook=\toks18
\inpenc@posthook=\toks19
)
(/usr/share/texlive/texmf-dist/tex/latex/base/fontenc.sty
Package: fontenc 2021/04/29 v2.0v Standard LaTeX package
)
(/usr/share/texlive/texmf-dist/tex/generic/babel/babel.sty
Package: babel 2022/01/26 3.70 The Babel package
\babel@savecnt=\count269
\U@D=\dimen148
\l@unhyphenated=\language87

(/usr/share/texlive/texmf-dist/tex/generic/babel/txtbabel.def)
\bbl@readstream=\read2
\bbl@dirlevel=\count270

(/usr/share/texlive/texmf-dist/tex/generic/babel-french/french.ldf
Language: french 2021/07/20 v3.5m French support from the babel system
Package babel Info: Hyphen rules for 'acadian' set to \l@french
(babel)             (\language14). Reported on input line 91.
Package babel Info: Hyphen rules for 'canadien' set to \l@french
(babel)             (\language14). Reported on input line 92.
\FB@nonchar=\count271
Package babel Info: Making : an active character on input line 430.
Package babel Info: Making ; an active character on input line 431.
Package babel Info: Making ! an active character on input line 432.
Package babel Info: Making ? an active character on input line 433.
\FBguill@level=\count272
\FBold@everypar=\toks20
\FB@Mht=\dimen149
\mc@charclass=\count273
\mc@charfam=\count274
\mc@charslot=\count275
\std@mcc=\count276
\dec@mcc=\count277
\listindentFB=\dimen150
\descindentFB=\dimen151
\labelindentFB=\dimen152
\labelwidthFB=\dimen153
\leftmarginFB=\dimen154
\parindentFFN=\dimen155
\FBfnindent=\dimen156
))
(/usr/share/texlive/texmf-dist/tex/latex/carlisle/scalefnt.sty)
(/usr/share/texlive/texmf-dist/tex/latex/graphics/graphicx.sty
Package: graphicx 2021/09/16 v1.2d Enhanced LaTeX Graphics (DPC,SPQR)

(/usr/share/texlive/texmf-dist/tex/latex/graphics/graphics.sty
Package: graphics 2021/03/04 v1.4d Standard LaTeX Graphics (DPC,SPQR)

(/usr/share/texlive/texmf-dist/tex/latex/graphics/trig.sty
Package: trig 2021/08/11 v1.11 sin cos tan (DPC)
)
(/usr/share/texlive/texmf-dist/tex/latex/graphics-cfg/graphics.cfg
File: graphics.cfg 2016/06/04 v1.11 sample graphics configuration
)
Package graphics Info: Driver file: pdftex.def on input line 107.

(/usr/share/texlive/texmf-dist/tex/latex/graphics-def/pdftex.def
File: pdftex.def 2020/10/05 v1.2a Graphics/color driver for pdftex
))
\Gin@req@height=\dimen157
\Gin@req@width=\dimen158
)
(/usr/share/texlive/texmf-dist/tex/latex/titling/titling.sty
Package: titling 2009/09/04 v2.1d maketitle typesetting
\thanksmarkwidth=\skip52
\thanksmargin=\skip53
\droptitle=\skip54
)
(/usr/share/texlive/texmf-dist/tex/latex/geometry/geometry.sty
Package: geometry 2020/01/02 v5.9 Page Geometry

(/usr/share/texlive/texmf-dist/tex/generic/iftex/ifvtex.sty
Package: ifvtex 2019/10/25 v1.7 ifvtex legacy package. Use iftex instead.
)
\Gm@cnth=\count278
\Gm@cntv=\count279
\c@Gm@tempcnt=\count280
\Gm@bindingoffset=\dimen159
\Gm@wd@mp=\dimen160
\Gm@odd@mp=\dimen161
\Gm@even@mp=\dimen162
\Gm@layoutwidth=\dimen163
\Gm@layoutheight=\dimen164
\Gm@layouthoffset=\dimen165
\Gm@layoutvoffset=\dimen166
\Gm@dimlist=\toks21
)
(/usr/share/texlive/texmf-dist/tex/latex/l3backend/l3backend-pdftex.def
File: l3backend-pdftex.def 2022-01-12 L3 backend support: PDF output (pdfTeX)
\l__color_backend_stack_int=\count281
\l__pdf_internal_box=\box51
)
(./rapport.aux)
\openout1 = `rapport.aux'.

LaTeX Font Info:    Checking defaults for OML/cmm/m/it on input line 19.
LaTeX Font Info:    ... okay on input line 19.
LaTeX Font Info:    Checking defaults for OMS/cmsy/m/n on input line 19.
LaTeX Font Info:    ... okay on input line 19.
LaTeX Font Info:    Checking defaults for OT1/cmr/m/n on input line 19.
LaTeX Font Info:    ... okay on input line 19.
LaTeX Font Info:    Checking defaults for T1/cmr/m/n on input line 19.
LaTeX Font Info:    ... okay on input line 19.
LaTeX Font Info:    Checking defaults for TS1/cmr/m/n on input line 19.
LaTeX Font Info:    ... okay on input line 19.
LaTeX Font Info:    Checking defaults for OMX/cmex/m/n on input line 19.
LaTeX Font Info:    ... okay on input line 19.
LaTeX Font Info:    Checking defaults for U/cmr/m/n on input line 19.
LaTeX Font Info:    ... okay on input line 19.
LaTeX Font Info:    Checking defaults for PD1/pdf/m/n on input line 19.
LaTeX Font Info:    ... okay on input line 19.
LaTeX Font Info:    Checking defaults for PU/pdf/m/n on input line 19.
LaTeX Font Info:    ... okay on input line 19.
Package hyperref Info: Link coloring OFF on input line 19.
 (/usr/share/texlive/texmf-dist/tex/latex/hyperref/nameref.sty
Package: nameref 2021-04-02 v2.47 Cross-referencing by name of section

(/usr/share/texlive/texmf-dist/tex/latex/refcount/refcount.sty
Package: refcount 2019/12/15 v3.6 Data extraction from label references (HO)
)
(/usr/share/texlive/texmf-dist/tex/generic/gettitlestring/gettitlestring.sty
Package: gettitlestring 2019/12/15 v1.6 Cleanup title references (HO)
)
\c@section@level=\count282
)
LaTeX Info: Redefining \ref on input line 19.
LaTeX Info: Redefining \pageref on input line 19.
LaTeX Info: Redefining \nameref on input line 19.

(./rapport.out) (./rapport.out)
\@outlinefile=\write3
\openout3 = `rapport.out'.

LaTeX Info: Redefining \degres on input line 19.
LaTeX Info: Redefining \up on input line 19.

(/usr/share/texlive/texmf-dist/tex/context/base/mkii/supp-pdf.mkii
[Loading MPS to PDF converter (version 2006.09.02).]
\scratchcounter=\count283
\scratchdimen=\dimen167
\scratchbox=\box52
\nofMPsegments=\count284
\nofMParguments=\count285
\everyMPshowfont=\toks22
\MPscratchCnt=\count286
\MPscratchDim=\dimen168
\MPnumerator=\count287
\makeMPintoPDFobject=\count288
\everyMPtoPDFconversion=\toks23
) (/usr/share/texlive/texmf-dist/tex/latex/epstopdf-pkg/epstopdf-base.sty
Package: epstopdf-base 2020-01-24 v2.11 Base part for package epstopdf
Package epstopdf-base Info: Redefining graphics rule for `.eps' on input line 4
85.

(/usr/share/texlive/texmf-dist/tex/latex/latexconfig/epstopdf-sys.cfg
File: epstopdf-sys.cfg 2010/07/13 v1.3 Configuration of (r)epstopdf for TeX Liv
e
))
*geometry* driver: auto-detecting
*geometry* detected driver: pdftex
*geometry* verbose mode - [ preamble ] result:
* driver: pdftex
* paper: a4paper
* layout: <same size as paper>
* layoutoffset:(h,v)=(0.0pt,0.0pt)
* modes: 
* h-part:(L,W,R)=(71.13188pt, 455.24411pt, 71.13188pt)
* v-part:(T,H,B)=(56.9055pt, 731.23584pt, 56.9055pt)
* \paperwidth=597.50787pt
* \paperheight=845.04684pt
* \textwidth=455.24411pt
* \textheight=731.23584pt
* \oddsidemargin=-1.1381pt
* \evensidemargin=-1.1381pt
* \topmargin=-52.36449pt
* \headheight=12.0pt
* \headsep=25.0pt
* \topskip=12.0pt
* \footskip=30.0pt
* \marginparwidth=35.0pt
* \marginparsep=10.0pt
* \columnsep=10.0pt
* \skip\footins=10.8pt plus 4.0pt minus 2.0pt
* \hoffset=0.0pt
* \voffset=0.0pt
* \mag=1000
* \@twocolumnfalse
* \@twosidefalse
* \@mparswitchfalse
* \@reversemarginfalse
* (1in=72.27pt=25.4mm, 1cm=28.453pt)

<Logo_Université_de_Caen_Normandie_2018.png, id=160, 154.176pt x 86.9649pt>
File: Logo_Université_de_Caen_Normandie_2018.png Graphic file (type png)
<use Logo_Université_de_Caen_Normandie_2018.png>
Package pdftex.def Info: Logo_Université_de_Caen_Normandie_2018.png  used on i
nput line 31.
(pdftex.def)             Requested size: 136.57462pt x 77.03757pt.
[1

{/var/lib/texmf/fonts/map/pdftex/updmap/pdftex.map} <./Logo_Université_de_Caen
_Normandie_2018.png>] (./rapport.toc
LaTeX Font Info:    External font `cmex10' loaded for size
(Font)              <12> on input line 4.
LaTeX Font Info:    External font `cmex10' loaded for size
(Font)              <8> on input line 4.
LaTeX Font Info:    External font `cmex10' loaded for size
(Font)              <6> on input line 4.
)
\tf@toc=\write4
\openout4 = `rapport.toc'.

pdfTeX warning (ext4): destination with the same identifier (name{page.1}) has 
been already used, duplicate ignored
<to be read again> 
                   \relax 
l.45 \newpage
              [1]
<DiagObserveurObservable.png, id=218, 903.375pt x 553.06625pt>
File: DiagObserveurObservable.png Graphic file (type png)
<use DiagObserveurObservable.png>
Package pdftex.def Info: DiagObserveurObservable.png  used on input line 60.
(pdftex.def)             Requested size: 227.62206pt x 139.35486pt.
<DiagIA.png, id=219, 810.02625pt x 356.33125pt>
File: DiagIA.png Graphic file (type png)
<use DiagIA.png>
Package pdftex.def Info: DiagIA.png  used on input line 67.
(pdftex.def)             Requested size: 227.62206pt x 100.13092pt.


LaTeX Warning: `!h' float specifier changed to `!ht'.

<DiagPlacement.png, id=220, 659.46375pt x 305.14pt>
File: DiagPlacement.png Graphic file (type png)
<use DiagPlacement.png>
Package pdftex.def Info: DiagPlacement.png  used on input line 74.
(pdftex.def)             Requested size: 227.62206pt x 105.31996pt.

LaTeX Warning: `!h' float specifier changed to `!ht'.

<DiagTourClassique.png, id=221, 840.13875pt x 659.46375pt>
File: DiagTourClassique.png Graphic file (type png)
<use DiagTourClassique.png>
Package pdftex.def Info: DiagTourClassique.png  used on input line 83.
(pdftex.def)             Requested size: 227.62206pt x 178.6714pt.
[2 <./DiagObserveurObservable.png>]
<InterfaceGraphique.png, id=230, 246.9225pt x 268.00125pt>
File: InterfaceGraphique.png Graphic file (type png)
<use InterfaceGraphique.png>
Package pdftex.def Info: InterfaceGraphique.png  used on input line 95.
(pdftex.def)             Requested size: 136.57462pt x 148.23128pt.


LaTeX Warning: `!h' float specifier changed to `!ht'.

[3 <./DiagIA.png> <./DiagPlacement.png> <./DiagTourClassique.png>] [4 <./Interf
aceGraphique.png>]
<Chaos.png, id=247, 113.42375pt x 79.29625pt>
File: Chaos.png Graphic file (type png)
<use Chaos.png>
Package pdftex.def Info: Chaos.png  used on input line 116.
(pdftex.def)             Requested size: 91.04742pt x 63.65244pt.
<Equilibre.png, id=248, 112.42pt x 81.30376pt>
File: Equilibre.png Graphic file (type png)
<use Equilibre.png>
Package pdftex.def Info: Equilibre.png  used on input line 126.
(pdftex.def)             Requested size: 91.04742pt x 65.84946pt.
<Optimale_1.png, id=249, 112.42pt x 81.30376pt>
File: Optimale_1.png Graphic file (type png)
<use Optimale_1.png>
Package pdftex.def Info: Optimale_1.png  used on input line 139.
(pdftex.def)             Requested size: 91.04742pt x 65.84946pt.
<Optimale_2.png, id=250, 128.48pt x 94.3525pt>
File: Optimale_2.png Graphic file (type png)
<use Optimale_2.png>
Package pdftex.def Info: Optimale_2.png  used on input line 144.
(pdftex.def)             Requested size: 91.04742pt x 66.86403pt.


LaTeX Warning: `!h' float specifier changed to `!ht'.

[5 <./Chaos.png> <./Equilibre.png> <./Optimale_1.png>]
<TauxVictoireEquipe.png, id=261, 602.25pt x 391.4625pt>
File: TauxVictoireEquipe.png Graphic file (type png)
<use TauxVictoireEquipe.png>
Package pdftex.def Info: TauxVictoireEquipe.png  used on input line 159.
(pdftex.def)             Requested size: 227.62206pt x 147.95688pt.
 [6 <./Optimale_2.png> <./TauxVictoireEquipe.png>]
<TauxVictoireProfondeur.png, id=271, 602.25pt x 391.4625pt>
File: TauxVictoireProfondeur.png Graphic file (type png)
<use TauxVictoireProfondeur.png>
Package pdftex.def Info: TauxVictoireProfondeur.png  used on input line 172.
(pdftex.def)             Requested size: 227.62206pt x 147.95688pt.
<TauxVictoireTaille.png, id=272, 602.25pt x 391.4625pt>
File: TauxVictoireTaille.png Graphic file (type png)
<use TauxVictoireTaille.png>
Package pdftex.def Info: TauxVictoireTaille.png  used on input line 179.
(pdftex.def)             Requested size: 227.62206pt x 147.95688pt.
 [7 <./TauxVictoireProfondeur.png> <./TauxVictoireTaille.png>]
<TempsCoupEquipe.png, id=281, 602.25pt x 391.4625pt>
File: TempsCoupEquipe.png Graphic file (type png)
<use TempsCoupEquipe.png>
Package pdftex.def Info: TempsCoupEquipe.png  used on input line 189.
(pdftex.def)             Requested size: 227.62206pt x 147.95688pt.
<TempsCoupProfondeur.png, id=282, 602.25pt x 391.4625pt>
File: TempsCoupProfondeur.png Graphic file (type png)
<use TempsCoupProfondeur.png>
Package pdftex.def Info: TempsCoupProfondeur.png  used on input line 199.
(pdftex.def)             Requested size: 227.62206pt x 147.95688pt.
<TempsCoupTaille.png, id=283, 602.25pt x 391.4625pt>
File: TempsCoupTaille.png Graphic file (type png)
<use TempsCoupTaille.png>
Package pdftex.def Info: TempsCoupTaille.png  used on input line 206.
(pdftex.def)             Requested size: 227.62206pt x 147.95688pt.
 [8 <./TempsCoupEquipe.png> <./TempsCoupProfondeur.png>]
<DuréePartieEquipe.png, id=292, 602.25pt x 391.4625pt>
File: DuréePartieEquipe.png Graphic file (type png)
<use DuréePartieEquipe.png>
Package pdftex.def Info: DuréePartieEquipe.png  used on input line 220.
(pdftex.def)             Requested size: 227.62206pt x 147.95688pt.


LaTeX Warning: `!h' float specifier changed to `!ht'.

[9 <./TempsCoupTaille.png>]
<DuréePartieProfondeur.png, id=299, 602.25pt x 391.4625pt>
File: DuréePartieProfondeur.png Graphic file (type png)
<use DuréePartieProfondeur.png>
Package pdftex.def Info: DuréePartieProfondeur.png  used on input line 229.
(pdftex.def)             Requested size: 227.62206pt x 147.95688pt.
<DuréePartieTaille.png, id=300, 602.25pt x 391.4625pt>
File: DuréePartieTaille.png Graphic file (type png)
<use DuréePartieTaille.png>
Package pdftex.def Info: DuréePartieTaille.png  used on input line 236.
(pdftex.def)             Requested size: 227.62206pt x 147.95688pt.


LaTeX Warning: `!h' float specifier changed to `!ht'.

[10 <./DuréePartieEquipe.png> <./DuréePartieProfondeur.png>]
<TableauResumeIA.png, id=309, 602.25pt x 454.69875pt>
File: TableauResumeIA.png Graphic file (type png)
<use TableauResumeIA.png>
Package pdftex.def Info: TableauResumeIA.png  used on input line 254.
(pdftex.def)             Requested size: 227.62206pt x 171.8576pt.
 [11 <./DuréePartieTaille.png> <./TableauResumeIA.png>] [12] [13] (./rapport.a
ux)

Package rerunfilecheck Warning: File `rapport.out' has changed.
(rerunfilecheck)                Rerun to get outlines right
(rerunfilecheck)                or use package `bookmark'.

Package rerunfilecheck Info: Checksums for `rapport.out':
(rerunfilecheck)             Before: 6C07938131C4B12DF481672C14CB7C37;6544
(rerunfilecheck)             After:  29BB2BE2EABF2131EE752A268A825A6F;6802.
 ) 
Here is how much of TeX's memory you used:
 11201 strings out of 478287
 178245 string characters out of 5849289
 492235 words of memory out of 5000000
 29204 multiletter control sequences out of 15000+600000
 480300 words of font info for 48 fonts, out of 8000000 for 9000
 1141 hyphenation exceptions out of 8191
 60i,6n,63p,621b,426s stack positions out of 5000i,500n,10000p,200000b,80000s
 </home/22008281/.texlive2021/texmf-var/fonts/pk/ljfour/jknappen/ec/eccc1200.
600pk> </home/22008281/.texlive2021/texmf-var/fonts/pk/ljfour/jknappen/ec/ecbx1
440.600pk> </home/22008281/.texlive2021/texmf-var/fonts/pk/ljfour/jknappen/ec/e
cbx1200.600pk> </home/22008281/.texlive2021/texmf-var/fonts/pk/ljfour/jknappen/
ec/ecbx1728.600pk> </home/22008281/.texlive2021/texmf-var/fonts/pk/ljfour/jknap
pen/ec/ecrm1095.600pk> </home/22008281/.texlive2021/texmf-var/fonts/pk/ljfour/j
knappen/ec/ecti1440.600pk> </home/22008281/.texlive2021/texmf-var/fonts/pk/ljfo
ur/jknappen/ec/ecrm1728.600pk> </home/22008281/.texlive2021/texmf-var/fonts/pk/
ljfour/jknappen/ec/ecrm1200.600pk> </home/22008281/.texlive2021/texmf-var/fonts
/pk/ljfour/jknappen/ec/ecbx2488.600pk>
Output written on rapport.pdf (14 pages, 512241 bytes).
PDF statistics:
 666 PDF objects out of 1000 (max. 8388607)
 319 compressed objects within 4 object streams
 73 named destinations out of 1000 (max. 500000)
 413 words of extra memory for PDF output out of 10000 (max. 10000000)

